ui/casos/build/intermediates/manifest_merge_blame_file/release/manifest-merger-blame-release-report.txt
1<?xml version="1.0" encoding="utf-8"?>
2<manifest xmlns:android="http://schemas.android.com/apk/res/android"
3    package="com.teclu.soporte.casos" >
4
5    <uses-sdk
6        android:minSdkVersion="23"
6-->ProcessLibraryManifest\release\tempAndroidManifest18176958730434694377.xml
7        android:targetSdkVersion="31" />
7-->ProcessLibraryManifest\release\tempAndroidManifest18176958730434694377.xml
8
9</manifest>